<?xml version="1.0" encoding="UTF-8"?>
<testsuite name="EmployeeAppTest" tests="1" skipped="0" failures="0" errors="0" timestamp="2024-03-02T05:56:11" hostname="DESKTOP-6SMR78T" time="0.009">
  <properties/>
  <testcase name="testData" classname="EmployeeAppTest" time="0.009"/>
  <system-out><![CDATA[]]></system-out>
  <system-err><![CDATA[]]></system-err>
</testsuite>
